C:\USERS\ADMINISTRATOR\DOCUMENTS\VISUAL STUDIO 2012\PROJECTS\TRANSMAXCONSOLEAPPLICATION\TRANSMAXCONSOLEAPPLICATION\DEBUG\TRANSMAXCONSOLEAPPLICATION.PCH
C:\USERS\ADMINISTRATOR\DOCUMENTS\VISUAL STUDIO 2012\PROJECTS\TRANSMAXCONSOLEAPPLICATION\TRANSMAXCONSOLEAPPLICATION\DEBUG\STDAFX.OBJ
C:\USERS\ADMINISTRATOR\DOCUMENTS\VISUAL STUDIO 2012\PROJECTS\TRANSMAXCONSOLEAPPLICATION\TRANSMAXCONSOLEAPPLICATION\DEBUG\VC110.PDB
C:\USERS\ADMINISTRATOR\DOCUMENTS\VISUAL STUDIO 2012\PROJECTS\TRANSMAXCONSOLEAPPLICATION\TRANSMAXCONSOLEAPPLICATION\DEBUG\TRANSMAXCONSOLEAPPLICATION.OBJ
C:\USERS\ADMINISTRATOR\DOCUMENTS\VISUAL STUDIO 2012\PROJECTS\TRANSMAXCONSOLEAPPLICATION\TRANSMAXCONSOLEAPPLICATION\DEBUG\ASSEMBLYINFO.OBJ
C:\USERS\ADMINISTRATOR\DOCUMENTS\VISUAL STUDIO 2012\PROJECTS\TRANSMAXCONSOLEAPPLICATION\TRANSMAXCONSOLEAPPLICATION\DEBUG\.NETFRAMEWORK,VERSION=V4.5.ASSEMBLYATTRIBUTES.OBJ
C:\USERS\ADMINISTRATOR\DOCUMENTS\VISUAL STUDIO 2012\PROJECTS\TRANSMAXCONSOLEAPPLICATION\DEBUG\TRANSMAXCONSOLEAPPLICATION.ILK
C:\USERS\ADMINISTRATOR\DOCUMENTS\VISUAL STUDIO 2012\PROJECTS\TRANSMAXCONSOLEAPPLICATION\DEBUG\TRANSMAXCONSOLEAPPLICATION.EXE
C:\USERS\ADMINISTRATOR\DOCUMENTS\VISUAL STUDIO 2012\PROJECTS\TRANSMAXCONSOLEAPPLICATION\DEBUG\TRANSMAXCONSOLEAPPLICATION.PDB
C:\USERS\ADMINISTRATOR\DOCUMENTS\VISUAL STUDIO 2012\PROJECTS\TRANSMAXCONSOLEAPPLICATION\TRANSMAXCONSOLEAPPLICATION\DEBUG\APP.RES
c:\Users\administrator\documents\visual studio 2012\Projects\TransmaxConsoleApplication\TransmaxConsoleApplication\Debug\TransmaxConsoleApplication.vcxprojResolveAssemblyReference.cache
c:\Users\administrator\documents\visual studio 2012\Projects\TransmaxConsoleApplication\TransmaxConsoleApplication\Debug\.NETFramework,Version=v4.5.AssemblyAttributes.obj
c:\Users\administrator\documents\visual studio 2012\Projects\TransmaxConsoleApplication\TransmaxConsoleApplication\Debug\AssemblyInfo.obj
c:\Users\administrator\documents\visual studio 2012\Projects\TransmaxConsoleApplication\TransmaxConsoleApplication\Debug\stdafx.obj
c:\Users\administrator\documents\visual studio 2012\Projects\TransmaxConsoleApplication\TransmaxConsoleApplication\Debug\TransmaxConsoleApplication.obj
c:\Users\administrator\documents\visual studio 2012\Projects\TransmaxConsoleApplication\TransmaxConsoleApplication\Debug\cl.command.1.tlog
c:\Users\administrator\documents\visual studio 2012\Projects\TransmaxConsoleApplication\TransmaxConsoleApplication\Debug\CL.read.1.tlog
c:\Users\administrator\documents\visual studio 2012\Projects\TransmaxConsoleApplication\TransmaxConsoleApplication\Debug\CL.write.1.tlog
c:\Users\administrator\documents\visual studio 2012\Projects\TransmaxConsoleApplication\TransmaxConsoleApplication\Debug\link.1924-cvtres.read.1.tlog
c:\Users\administrator\documents\visual studio 2012\Projects\TransmaxConsoleApplication\TransmaxConsoleApplication\Debug\link.1924-cvtres.write.1.tlog
c:\Users\administrator\documents\visual studio 2012\Projects\TransmaxConsoleApplication\TransmaxConsoleApplication\Debug\link.1924-rc.read.1.tlog
c:\Users\administrator\documents\visual studio 2012\Projects\TransmaxConsoleApplication\TransmaxConsoleApplication\Debug\link.1924-rc.write.1.tlog
c:\Users\administrator\documents\visual studio 2012\Projects\TransmaxConsoleApplication\TransmaxConsoleApplication\Debug\link.1924.read.1.tlog
c:\Users\administrator\documents\visual studio 2012\Projects\TransmaxConsoleApplication\TransmaxConsoleApplication\Debug\link.1924.write.1.tlog
c:\Users\administrator\documents\visual studio 2012\Projects\TransmaxConsoleApplication\TransmaxConsoleApplication\Debug\link.command.1.tlog
c:\Users\administrator\documents\visual studio 2012\Projects\TransmaxConsoleApplication\TransmaxConsoleApplication\Debug\link.read.1.tlog
c:\Users\administrator\documents\visual studio 2012\Projects\TransmaxConsoleApplication\TransmaxConsoleApplication\Debug\link.write.1.tlog
c:\Users\administrator\documents\visual studio 2012\Projects\TransmaxConsoleApplication\TransmaxConsoleApplication\Debug\metagen.read.1.tlog
c:\Users\administrator\documents\visual studio 2012\Projects\TransmaxConsoleApplication\TransmaxConsoleApplication\Debug\metagen.write.1.tlog
c:\Users\administrator\documents\visual studio 2012\Projects\TransmaxConsoleApplication\TransmaxConsoleApplication\Debug\rc.command.1.tlog
c:\Users\administrator\documents\visual studio 2012\Projects\TransmaxConsoleApplication\TransmaxConsoleApplication\Debug\rc.read.1.tlog
c:\Users\administrator\documents\visual studio 2012\Projects\TransmaxConsoleApplication\TransmaxConsoleApplication\Debug\rc.write.1.tlog
c:\Users\administrator\documents\visual studio 2012\Projects\TransmaxConsoleApplication\TransmaxConsoleApplication\Debug\app.res
c:\Users\administrator\documents\visual studio 2012\Projects\TransmaxConsoleApplication\TransmaxConsoleApplication\Debug\TransmaxConsoleApplication.pch
c:\Users\administrator\documents\visual studio 2012\Projects\TransmaxConsoleApplication\TransmaxConsoleApplication\Debug\vc110.pdb
c:\Users\administrator\documents\visual studio 2012\Projects\TransmaxConsoleApplication\TransmaxConsoleApplication\Debug\RSAENH.DLL.bi
c:\Users\administrator\documents\visual studio 2012\Projects\TransmaxConsoleApplication\TransmaxConsoleApplication\Debug\TZRES.DLL.bi
c:\users\administrator\documents\visual studio 2012\Projects\TransmaxConsoleApplication\Debug\TransmaxConsoleApplication.pdb
c:\users\administrator\documents\visual studio 2012\Projects\TransmaxConsoleApplication\Debug\TransmaxConsoleApplication.exe
c:\users\administrator\documents\visual studio 2012\Projects\TransmaxConsoleApplication\Debug\TransmaxConsoleApplication.ilk
